#
# A fatal error has been detected by the Java Runtime Environment:
#
#  EXCEPTION_ILLEGAL_INSTRUCTION (0xc000001d) at pc=0x00007ff8bef22fed, pid=14440, tid=4224
#
# JRE version: OpenJDK Runtime Environment Corretto-17.0.6.10.1 (17.0.6+10) (build 17.0.6+10-LTS)
# Java VM: OpenJDK 64-Bit Server VM Corretto-17.0.6.10.1 (17.0.6+10-LTS, mixed mode, emulated-client, sharing, tiered, compressed oops, compressed class ptrs, g1 gc, windows-amd64)
# Problematic frame:
# V  [jvm.dll+0x3c2fed]
#
# No core dump will be written. Minidumps are not enabled by default on client versions of Windows
#
# If you would like to submit a bug report, please visit:
#   https://github.com/corretto/corretto-17/issues/
# The crash happened outside the Java Virtual Machine in native code.
# See problematic frame for where to report the bug.
#

---------------  S U M M A R Y ------------

Command Line: -XX:TieredStopAtLevel=1 -Dspring.output.ansi.enabled=always -Dcom.sun.management.jmxremote -Dspring.jmx.enabled=true -Dspring.liveBeansView.mbeanDomain -Dspring.application.admin.enabled=true -Dmanagement.endpoints.jmx.exposure.include=* -javaagent:C:\Program Files\JetBrains\IntelliJ IDEA 2022.3.2\lib\idea_rt.jar=6282:C:\Program Files\JetBrains\IntelliJ IDEA 2022.3.2\bin -Dfile.encoding=UTF-8 com.ll.basic1.Basic1Application

Host: AMD Ryzen 7 4800H with Radeon Graphics         , 16 cores, 15G,  Windows 11 , 64 bit Build 22621 (10.0.22621.1344)
Time: Wed Mar 15 21:43:42 2023  Windows 11 , 64 bit Build 22621 (10.0.22621.1344) elapsed time: 29007.331330 seconds (0d 8h 3m 27s)

---------------  T H R E A D  ---------------

Current thread (0x0000014ccd036f00):  JavaThread "File Watcher" daemon [_thread_in_native, id=4224, stack(0x00000003f8800000,0x00000003f8900000)]

Stack: [0x00000003f8800000,0x00000003f8900000],  sp=0x00000003f88fe688,  free space=1017k
Native frames: (J=compiled Java code, j=interpreted, Vv=VM code, C=native code)
V  [jvm.dll+0x3c2fed]

Java frames: (J=compiled Java code, j=interpreted, Vv=VM code)
J 882  java.io.WinNTFileSystem.getBooleanAttributes(Ljava/io/File;)I java.base@17.0.6 (0 bytes) @ 0x0000014cbaefbdf7 [0x0000014cbaefbda0+0x0000000000000057]
J 3719 c1 org.springframework.boot.devtools.filewatch.FileSnapshot.<init>(Ljava/io/File;)V (64 bytes) @ 0x0000014cbb12a15c [0x0000014cbb12a0a0+0x00000000000000bc]
J 3724 c1 org.springframework.boot.devtools.filewatch.DirectorySnapshot.collectFiles(Ljava/io/File;Ljava/util/Set;)V (99 bytes) @ 0x0000014cbb128a44 [0x0000014cbb1287c0+0x0000000000000284]
J 3724 c1 org.springframework.boot.devtools.filewatch.DirectorySnapshot.collectFiles(Ljava/io/File;Ljava/util/Set;)V (99 bytes) @ 0x0000014cbb128a84 [0x0000014cbb1287c0+0x00000000000002c4]
J 3724 c1 org.springframework.boot.devtools.filewatch.DirectorySnapshot.collectFiles(Ljava/io/File;Ljava/util/Set;)V (99 bytes) @ 0x0000014cbb128a84 [0x0000014cbb1287c0+0x00000000000002c4]
J 3724 c1 org.springframework.boot.devtools.filewatch.DirectorySnapshot.collectFiles(Ljava/io/File;Ljava/util/Set;)V (99 bytes) @ 0x0000014cbb128a84 [0x0000014cbb1287c0+0x00000000000002c4]
J 3724 c1 org.springframework.boot.devtools.filewatch.DirectorySnapshot.collectFiles(Ljava/io/File;Ljava/util/Set;)V (99 bytes) @ 0x0000014cbb128a84 [0x0000014cbb1287c0+0x00000000000002c4]
J 3724 c1 org.springframework.boot.devtools.filewatch.DirectorySnapshot.collectFiles(Ljava/io/File;Ljava/util/Set;)V (99 bytes) @ 0x0000014cbb128a84 [0x0000014cbb1287c0+0x00000000000002c4]
J 3724 c1 org.springframework.boot.devtools.filewatch.DirectorySnapshot.collectFiles(Ljava/io/File;Ljava/util/Set;)V (99 bytes) @ 0x0000014cbb128a84 [0x0000014cbb1287c0+0x00000000000002c4]
J 3931 c1 org.springframework.boot.devtools.filewatch.DirectorySnapshot.<init>(Ljava/io/File;)V (70 bytes) @ 0x0000014cbb0e02fc [0x0000014cbb0dff80+0x000000000000037c]
J 4041 c1 org.springframework.boot.devtools.filewatch.FileSystemWatcher$Watcher.getCurrentSnapshots()Ljava/util/Map; (63 bytes) @ 0x0000014cbacb74c4 [0x0000014cbacb7320+0x00000000000001a4]
J 4040 c1 org.springframework.boot.devtools.filewatch.FileSystemWatcher$Watcher.scan()V (63 bytes) @ 0x0000014cbacb7bfc [0x0000014cbacb7b80+0x000000000000007c]
J 9118% c1 org.springframework.boot.devtools.filewatch.FileSystemWatcher$Watcher.run()V (55 bytes) @ 0x0000014cbbaed444 [0x0000014cbbaed3c0+0x0000000000000084]
J 6919 c1 java.lang.Thread.run()V java.base@17.0.6 (17 bytes) @ 0x0000014cbb6a57ec [0x0000014cbb6a57a0+0x000000000000004c]
v  ~StubRoutines::call_stub

siginfo: EXCEPTION_ILLEGAL_INSTRUCTION (0xc000001d)


Register to memory mapping:

RIP=0x00007ff8bef22fed jvm.dll
RAX=0x0 is NULL
RBX=0x0 is NULL
RCX=0x0000014ccd0371a8 points into unknown readable memory: 0x00007ff8bf636200 | 00 62 63 bf f8 7f 00 00
RDX=0x00000003f88fe778 is pointing into the stack for thread: 0x0000014ccd036f00
RSP=0x00000003f88fe688 is pointing into the stack for thread: 0x0000014ccd036f00
RBP=0x00000003f88fe778 is pointing into the stack for thread: 0x0000014ccd036f00
RSI=0x0 is NULL
RDI=0x0000014ccd036f00 is a thread
R8 =0x0000000000000042 is an unknown value
R9 =0x0000000000000001 is an unknown value
R10=0x00007ff8c6068014 java.dll
R11=0x00000003f88fe720 is pointing into the stack for thread: 0x0000014ccd036f00
R12=0x0 is NULL
R13=0x0 is NULL
R14=0x0000000000000042 is an unknown value
R15=0x0000014ccd036f00 is a thread


Registers:
RAX=0x0000000000000000, RBX=0x0000000000000000, RCX=0x0000014ccd0371a8, RDX=0x00000003f88fe778
RSP=0x00000003f88fe688, RBP=0x00000003f88fe778, RSI=0x0000000000000000, RDI=0x0000014ccd036f00
R8 =0x0000000000000042, R9 =0x0000000000000001, R10=0x00007ff8c6068014, R11=0x00000003f88fe720
R12=0x0000000000000000, R13=0x0000000000000000, R14=0x0000000000000042, R15=0x0000014ccd036f00
RIP=0x00007ff8bef22fed, EFLAGS=0x0000000000010246

Top of Stack: (sp=0x00000003f88fe688)
0x00000003f88fe688:   0000014ccd036f00 0000014ccd036f00
0x00000003f88fe698:   000000070b299318 0000000000000000
0x00000003f88fe6a8:   0000000000000000 00000003f88fe780
0x00000003f88fe6b8:   0000000000000000 0000000000000000
0x00000003f88fe6c8:   0000000000000000 0000000000000000
0x00000003f88fe6d8:   0000014ccd0371a8 0000000000000000
0x00000003f88fe6e8:   00007ff8c606a269 0000014ccd0371a8
0x00000003f88fe6f8:   00000003f88fe7b0 0000000000000000
0x00000003f88fe708:   0000000000000000 000000070b299ed8
0x00000003f88fe718:   00007ff8c606802f 0000014ccd036f00
0x00000003f88fe728:   000000070b299318 0000000000000000
0x00000003f88fe738:   0000000000000000 000000070b29b810
0x00000003f88fe748:   0000014cbaefbe93 000000070b299ed8
0x00000003f88fe758:   0000014cb0c60000 00000003f88fe850
0x00000003f88fe768:   0000000000000000 00000007097b2188
0x00000003f88fe778:   000000070b299ed8 0000000000000003 

Instructions: (pc=0x00007ff8bef22fed)
0x00007ff8bef22eed:   48 8b cb e8 7b dc 3a 00 48 85 ff 74 08 48 8b cf
0x00007ff8bef22efd:   e8 6e dc 3a 00 48 83 7c 24 78 00 48 8b bc 24 08
0x00007ff8bef22f0d:   03 00 00 74 0a 48 8d 4c 24 70 e8 84 1e 2b 00 48
0x00007ff8bef22f1d:   8b 9e e8 00 00 00 48 8b 43 10 48 83 38 00 74 0c
0x00007ff8bef22f2d:   48 8b cb e8 3b 3f f7 ff 48 8b 43 10 48 8b 4b 08
0x00007ff8bef22f3d:   48 89 41 10 48 8b 53 08 48 8b 4b 18 48 89 4a 18
0x00007ff8bef22f4d:   48 8b 4b 20 48 8b 53 08 48 89 4a 20 48 8d 8e 88
0x00007ff8bef22f5d:   02 00 00 e8 eb 59 ef ff c7 86 38 03 00 00 04 00
0x00007ff8bef22f6d:   00 00 48 8b c5 48 8b 8c 24 b0 02 00 00 48 33 cc
0x00007ff8bef22f7d:   e8 7e 54 49 00 48 81 c4 e0 02 00 00 5e 5d 5b c3
0x00007ff8bef22f8d:   cc cc cc 48 89 5c 24 08 48 89 6c 24 10 48 89 74
0x00007ff8bef22f9d:   24 18 48 89 7c 24 20 41 56 48 83 ec 50 8b 81 b8
0x00007ff8bef22fad:   00 00 00 48 8d b9 58 fd ff ff 05 55 21 ff ff 4d
0x00007ff8bef22fbd:   8b f0 48 8b ea 83 f8 01 76 0d 48 8b cf 40 b6 01
0x00007ff8bef22fcd:   e8 be ec 3e 00 eb 03 40 32 f6 33 db 40 84 f6 48
0x00007ff8bef22fdd:   0f 44 df c7 83 38 03 00 00 05 00 00 00 e8 c1 94
0x00007ff8bef22fed:   27 00 48 8b 83 40 03 00 00 a8 01 74 0a b2 01 48
0x00007ff8bef22ffd:   8b cb e8 cc 68 2e 00 83 bb 2c 03 00 00 00 75 0a
0x00007ff8bef2300d:   8b 83 28 03 00 00 a8 0c 74 0a 33 d2 48 8b cb e8
0x00007ff8bef2301d:   df 14 3f 00 c7 83 38 03 00 00 06 00 00 00 48 83
0x00007ff8bef2302d:   7b 08 00 48 89 5c 24 30 48 c7 44 24 38 00 00 00
0x00007ff8bef2303d:   00 74 0a 48 8d 4c 24 30 e8 b6 1c 2b 00 40 f6 c5
0x00007ff8bef2304d:   01 74 0c 48 8d 4d ff ff 15 06 09 71 00 eb 09 48
0x00007ff8bef2305d:   8b cd ff 15 c3 8f 70 00 80 3d f3 d1 77 00 00 74
0x00007ff8bef2306d:   16 44 8b 48 08 8b 0d 40 0d 71 00 49 d3 e1 4c 03
0x00007ff8bef2307d:   0d 2e 0d 71 00 eb 04 4c 8b 48 08 49 8b fe 48 c1
0x00007ff8bef2308d:   ef 02 80 3d c4 1b 78 00 00 74 18 c6 44 24 28 00
0x00007ff8bef2309d:   4c 8b c0 48 8b d5 4c 89 74 24 20 48 8b cb e8 60
0x00007ff8bef230ad:   2b 13 00 48 63 d7 48 8b c8 ff 15 4c 39 71 00 45
0x00007ff8bef230bd:   33 c0 48 8b cb 48 8b d0 e8 16 b2 02 00 48 83 7c
0x00007ff8bef230cd:   24 38 00 48 8b f0 74 0a 48 8d 4c 24 30 e8 c1 1c
0x00007ff8bef230dd:   2b 00 48 8b bb e8 00 00 00 48 8b 4f 10 48 83 39 


Stack slot to memory mapping:
stack at sp + 0 slots: 0x0000014ccd036f00 is a thread
stack at sp + 1 slots: 0x0000014ccd036f00 is a thread
stack at sp + 2 slots: 0x000000070b299318 is an oop: java.io.File 
{0x000000070b299318} - klass: 'java/io/File'
 - ---- fields (total size 4 words):
 - private final transient 'prefixLength' 'I' @12  3
 - private final 'path' 'Ljava/lang/String;' @16  "C:\Users\bonghun\IdeaProjects\basic1\build\classes\java\main\com\ll\basic1\boundedContext\home\controller"{0x000000070b299420} (e1653284)
 - private transient 'status' 'Ljava/io/File$PathStatus;' @20  a 'java/io/File$PathStatus'{0x00000007094da570} (e129b4ae)
 - private volatile transient 'filePath' 'Ljava/nio/file/Path;' @24  NULL (0)
stack at sp + 3 slots: 0x0 is NULL
stack at sp + 4 slots: 0x0 is NULL
stack at sp + 5 slots: 0x00000003f88fe780 is pointing into the stack for thread: 0x0000014ccd036f00
stack at sp + 6 slots: 0x0 is NULL
stack at sp + 7 slots: 0x0 is NULL


---------------  P R O C E S S  ---------------

Threads class SMR info:
_java_thread_list=0x0000014ccd206c10, length=35, elements={
0x0000014cca4b66e0, 0x0000014cca4b90a0, 0x0000014ccb012d40, 0x0000014ccb013600,
0x0000014ccb013fb0, 0x0000014ccb015970, 0x0000014ccb018330, 0x0000014ccb025150,
0x0000014cca4a1a60, 0x0000014ccb4092e0, 0x0000014ccb409a80, 0x0000014ccb4e6340,
0x0000014ccba5d970, 0x0000014ccd03c0d0, 0x0000014ccd038240, 0x0000014ccd03ca70,
0x0000014ccd03b260, 0x0000014ccd038be0, 0x0000014ccd03d8e0, 0x0000014ccd03b730,
0x0000014ccd03ad90, 0x0000014ccd039580, 0x0000014ccd036f00, 0x0000014ccd03bc00,
0x0000014ccd03c5a0, 0x0000014ccd039a50, 0x0000014ccd03cf40, 0x0000014ccd036090,
0x0000014ccd036560, 0x0000014ccd039f20, 0x0000014ccd036a30, 0x0000014ccd0373d0,
0x0000014ccd03a3f0, 0x0000014ccd0378a0, 0x0000014ccd037d70
}

Java Threads: ( => current thread )
  0x0000014cca4b66e0 JavaThread "Reference Handler" daemon [_thread_blocked, id=3248, stack(0x00000003f6200000,0x00000003f6300000)]
  0x0000014cca4b90a0 JavaThread "Finalizer" daemon [_thread_blocked, id=1540, stack(0x00000003f6300000,0x00000003f6400000)]
  0x0000014ccb012d40 JavaThread "Signal Dispatcher" daemon [_thread_blocked, id=19216, stack(0x00000003f6400000,0x00000003f6500000)]
  0x0000014ccb013600 JavaThread "Attach Listener" daemon [_thread_blocked, id=19984, stack(0x00000003f6500000,0x00000003f6600000)]
  0x0000014ccb013fb0 JavaThread "Service Thread" daemon [_thread_blocked, id=17712, stack(0x00000003f6600000,0x00000003f6700000)]
  0x0000014ccb015970 JavaThread "Monitor Deflation Thread" daemon [_thread_blocked, id=9296, stack(0x00000003f6700000,0x00000003f6800000)]
  0x0000014ccb018330 JavaThread "C1 CompilerThread0" daemon [_thread_blocked, id=16616, stack(0x00000003f6800000,0x00000003f6900000)]
  0x0000014ccb025150 JavaThread "Sweeper thread" daemon [_thread_blocked, id=19356, stack(0x00000003f6900000,0x00000003f6a00000)]
  0x0000014cca4a1a60 JavaThread "Common-Cleaner" daemon [_thread_blocked, id=19656, stack(0x00000003f6a00000,0x00000003f6b00000)]
  0x0000014ccb4092e0 JavaThread "Monitor Ctrl-Break" daemon [_thread_in_native, id=988, stack(0x00000003f6e00000,0x00000003f6f00000)]
  0x0000014ccb409a80 JavaThread "Notification Thread" daemon [_thread_blocked, id=16840, stack(0x00000003f6f00000,0x00000003f7000000)]
  0x0000014ccb4e6340 JavaThread "RMI TCP Accept-0" daemon [_thread_in_native, id=1048, stack(0x00000003f7000000,0x00000003f7100000)]
  0x0000014ccba5d970 JavaThread "RMI Scheduler(0)" daemon [_thread_blocked, id=20420, stack(0x00000003f7b00000,0x00000003f7c00000)]
  0x0000014ccd03c0d0 JavaThread "Live Reload Server" daemon [_thread_in_native, id=10876, stack(0x00000003f8a00000,0x00000003f8b00000)]
  0x0000014ccd038240 JavaThread "DestroyJavaVM" [_thread_blocked, id=9536, stack(0x00000003f5b00000,0x00000003f5c00000)]
  0x0000014ccd03ca70 JavaThread "File Watcher" daemon [_thread_blocked, id=17288, stack(0x00000003f5a00000,0x00000003f5b00000)]
  0x0000014ccd03b260 JavaThread "File Watcher" daemon [_thread_blocked, id=7840, stack(0x00000003f6b00000,0x00000003f6c00000)]
  0x0000014ccd038be0 JavaThread "File Watcher" daemon [_thread_blocked, id=18476, stack(0x00000003f6c00000,0x00000003f6d00000)]
  0x0000014ccd03d8e0 JavaThread "File Watcher" daemon [_thread_blocked, id=8288, stack(0x00000003f7300000,0x00000003f7400000)]
  0x0000014ccd03b730 JavaThread "Catalina-utility-1" [_thread_blocked, id=424, stack(0x00000003f7200000,0x00000003f7300000)]
  0x0000014ccd03ad90 JavaThread "Catalina-utility-2" [_thread_blocked, id=12864, stack(0x00000003f7a00000,0x00000003f7b00000)]
  0x0000014ccd039580 JavaThread "container-4" [_thread_blocked, id=11964, stack(0x00000003f8200000,0x00000003f8300000)]
=>0x0000014ccd036f00 JavaThread "File Watcher" daemon [_thread_in_native, id=4224, stack(0x00000003f8800000,0x00000003f8900000)]
  0x0000014ccd03bc00 JavaThread "http-nio-8080-exec-1" daemon [_thread_blocked, id=7264, stack(0x00000003f8900000,0x00000003f8a00000)]
  0x0000014ccd03c5a0 JavaThread "http-nio-8080-exec-2" daemon [_thread_blocked, id=18448, stack(0x00000003f8b00000,0x00000003f8c00000)]
  0x0000014ccd039a50 JavaThread "http-nio-8080-exec-3" daemon [_thread_blocked, id=20060, stack(0x00000003f8c00000,0x00000003f8d00000)]
  0x0000014ccd03cf40 JavaThread "http-nio-8080-exec-4" daemon [_thread_blocked, id=11736, stack(0x00000003f8d00000,0x00000003f8e00000)]
  0x0000014ccd036090 JavaThread "http-nio-8080-exec-5" daemon [_thread_blocked, id=9736, stack(0x00000003f8e00000,0x00000003f8f00000)]
  0x0000014ccd036560 JavaThread "http-nio-8080-exec-6" daemon [_thread_blocked, id=3276, stack(0x00000003f8f00000,0x00000003f9000000)]
  0x0000014ccd039f20 JavaThread "http-nio-8080-exec-7" daemon [_thread_blocked, id=13772, stack(0x00000003f9000000,0x00000003f9100000)]
  0x0000014ccd036a30 JavaThread "http-nio-8080-exec-8" daemon [_thread_blocked, id=7868, stack(0x00000003f9100000,0x00000003f9200000)]
  0x0000014ccd0373d0 JavaThread "http-nio-8080-exec-9" daemon [_thread_blocked, id=11680, stack(0x00000003f9200000,0x00000003f9300000)]
  0x0000014ccd03a3f0 JavaThread "http-nio-8080-exec-10" daemon [_thread_blocked, id=11508, stack(0x00000003f9300000,0x00000003f9400000)]
  0x0000014ccd0378a0 JavaThread "http-nio-8080-Poller" daemon [_thread_in_native, id=16296, stack(0x00000003f9400000,0x00000003f9500000)]
  0x0000014ccd037d70 JavaThread "http-nio-8080-Acceptor" daemon [_thread_in_native, id=12848, stack(0x00000003f9500000,0x00000003f9600000)]

Other Threads:
  0x0000014cca4b3d50 VMThread "VM Thread" [stack: 0x00000003f6100000,0x00000003f6200000] [id=16876]
  0x0000014ccb11eaf0 WatcherThread [stack: 0x00000003f7100000,0x00000003f7200000] [id=3044]
  0x0000014cb30889a0 GCTaskThread "GC Thread#0" [stack: 0x00000003f5c00000,0x00000003f5d00000] [id=18148]
  0x0000014ccb8708a0 GCTaskThread "GC Thread#1" [stack: 0x00000003f7400000,0x00000003f7500000] [id=17884]
  0x0000014ccb870b50 GCTaskThread "GC Thread#2" [stack: 0x00000003f7500000,0x00000003f7600000] [id=18772]
  0x0000014ccb88b690 GCTaskThread "GC Thread#3" [stack: 0x00000003f7600000,0x00000003f7700000] [id=19076]
  0x0000014ccb877890 GCTaskThread "GC Thread#4" [stack: 0x00000003f7700000,0x00000003f7800000] [id=9860]
  0x0000014ccb878770 GCTaskThread "GC Thread#5" [stack: 0x00000003f7800000,0x00000003f7900000] [id=2172]
  0x0000014ccb8e4930 GCTaskThread "GC Thread#6" [stack: 0x00000003f7900000,0x00000003f7a00000] [id=3068]
  0x0000014ccbb99820 GCTaskThread "GC Thread#7" [stack: 0x00000003f7d00000,0x00000003f7e00000] [id=10448]
  0x0000014ccc8229f0 GCTaskThread "GC Thread#8" [stack: 0x00000003f7e00000,0x00000003f7f00000] [id=2148]
  0x0000014ccbbc4c50 GCTaskThread "GC Thread#9" [stack: 0x00000003f7f00000,0x00000003f8000000] [id=19728]
  0x0000014ccbb3a460 GCTaskThread "GC Thread#10" [stack: 0x00000003f8000000,0x00000003f8100000] [id=11436]
  0x0000014ccc82cd00 GCTaskThread "GC Thread#11" [stack: 0x00000003f8100000,0x00000003f8200000] [id=17120]
  0x0000014ccc82c240 GCTaskThread "GC Thread#12" [stack: 0x00000003f7c00000,0x00000003f7d00000] [id=14580]
  0x0000014cb3099000 ConcurrentGCThread "G1 Main Marker" [stack: 0x00000003f5d00000,0x00000003f5e00000] [id=17748]
  0x0000014cb309a7c0 ConcurrentGCThread "G1 Conc#0" [stack: 0x00000003f5e00000,0x00000003f5f00000] [id=19580]
  0x0000014ccc82cfb0 ConcurrentGCThread "G1 Conc#1" [stack: 0x00000003f8300000,0x00000003f8400000] [id=14684]
  0x0000014ccc82d260 ConcurrentGCThread "G1 Conc#2" [stack: 0x00000003f8400000,0x00000003f8500000] [id=19592]
  0x0000014cca36d210 ConcurrentGCThread "G1 Refine#0" [stack: 0x00000003f5f00000,0x00000003f6000000] [id=4460]
  0x0000014cca36d9d0 ConcurrentGCThread "G1 Service" [stack: 0x00000003f6000000,0x00000003f6100000] [id=19336]

Threads with active compile tasks:

VM state: not at safepoint (normal execution)

VM Mutex/Monitor currently owned by a thread: None

Heap address: 0x0000000709400000, size: 3948 MB, Compressed Oops mode: Zero based, Oop shift amount: 3

CDS archive(s) mapped at: [0x0000000800000000-0x0000000800bc0000-0x0000000800bc0000), size 12320768, SharedBaseAddress: 0x0000000800000000, ArchiveRelocationMode: 0.
Compressed class space mapped at: 0x0000000800c00000-0x0000000840c00000, reserved size: 1073741824
Narrow klass base: 0x0000000800000000, Narrow klass shift: 0, Narrow klass range: 0x100000000

GC Precious Log:
 CPUs: 16 total, 16 available
 Memory: 15790M
 Large Page Support: Disabled
 NUMA Support: Disabled
 Compressed Oops: Enabled (Zero based)
 Heap Region Size: 2M
 Heap Min Capacity: 8M
 Heap Initial Capacity: 248M
 Heap Max Capacity: 3948M
 Pre-touch: Disabled
 Parallel Workers: 13
 Concurrent Workers: 3
 Concurrent Refinement Workers: 13
 Periodic GC: Disabled

Heap:
 garbage-first heap   total 49152K, used 32158K [0x0000000709400000, 0x0000000800000000)
  region size 2048K, 10 young (20480K), 1 survivors (2048K)
 Metaspace       used 30738K, committed 31360K, reserved 1081344K
  class space    used 4191K, committed 4480K, reserved 1048576K

Heap Regions: E=young(eden), S=young(survivor), O=old, HS=humongous(starts), HC=humongous(continues), CS=collection set, F=free, OA=open archive, CA=closed archive, TAMS=top-at-mark-start (previous, next)
|   0|0x0000000709400000, 0x00000007095ffff8, 0x0000000709600000| 99%| O|  |TAMS 0x00000007095ffff8, 0x0000000709400000| Untracked 
|   1|0x0000000709600000, 0x00000007097ffff0, 0x0000000709800000| 99%| O|  |TAMS 0x00000007097ffff0, 0x0000000709600000| Untracked 
|   2|0x0000000709800000, 0x00000007099fffa8, 0x0000000709a00000| 99%| O|  |TAMS 0x00000007099fffa8, 0x0000000709800000| Untracked 
|   3|0x0000000709a00000, 0x0000000709bffff0, 0x0000000709c00000| 99%| O|  |TAMS 0x0000000709bffff0, 0x0000000709a00000| Untracked 
|   4|0x0000000709c00000, 0x0000000709dfffe8, 0x0000000709e00000| 99%| O|  |TAMS 0x0000000709c00000, 0x0000000709c00000| Untracked 
|   5|0x0000000709e00000, 0x0000000709ffff40, 0x000000070a000000| 99%| O|  |TAMS 0x0000000709e00000, 0x0000000709e00000| Untracked 
|   6|0x000000070a000000, 0x000000070a0de670, 0x000000070a200000| 43%| O|  |TAMS 0x000000070a000000, 0x000000070a000000| Untracked 
|   7|0x000000070a200000, 0x000000070a3e7200, 0x000000070a400000| 95%| O|  |TAMS 0x000000070a200000, 0x000000070a200000| Untracked 
|   8|0x000000070a400000, 0x000000070a400000, 0x000000070a600000|  0%| F|  |TAMS 0x000000070a400000, 0x000000070a400000| Untracked 
|   9|0x000000070a600000, 0x000000070a600000, 0x000000070a800000|  0%| F|  |TAMS 0x000000070a600000, 0x000000070a600000| Untracked 
|  10|0x000000070a800000, 0x000000070a800000, 0x000000070aa00000|  0%| F|  |TAMS 0x000000070a800000, 0x000000070a800000| Untracked 
|  11|0x000000070aa00000, 0x000000070aa058b0, 0x000000070ac00000|  1%| S|CS|TAMS 0x000000070aa00000, 0x000000070aa00000| Complete 
|  12|0x000000070ac00000, 0x000000070ac9c9a0, 0x000000070ae00000| 30%| O|  |TAMS 0x000000070ac00000, 0x000000070ac00000| Untracked 
|  13|0x000000070ae00000, 0x000000070ae00000, 0x000000070b000000|  0%| F|  |TAMS 0x000000070ae00000, 0x000000070ae00000| Untracked 
|  14|0x000000070b000000, 0x000000070b000000, 0x000000070b200000|  0%| F|  |TAMS 0x000000070b000000, 0x000000070b000000| Untracked 
|  15|0x000000070b200000, 0x000000070b2cca68, 0x000000070b400000| 39%| E|  |TAMS 0x000000070b200000, 0x000000070b200000| Complete 
|  16|0x000000070b400000, 0x000000070b600000, 0x000000070b600000|100%| E|CS|TAMS 0x000000070b400000, 0x000000070b400000| Complete 
|  17|0x000000070b600000, 0x000000070b800000, 0x000000070b800000|100%| E|CS|TAMS 0x000000070b600000, 0x000000070b600000| Complete 
|  18|0x000000070b800000, 0x000000070ba00000, 0x000000070ba00000|100%| E|CS|TAMS 0x000000070b800000, 0x000000070b800000| Complete 
|  19|0x000000070ba00000, 0x000000070bc00000, 0x000000070bc00000|100%| E|CS|TAMS 0x000000070ba00000, 0x000000070ba00000| Complete 
|  20|0x000000070bc00000, 0x000000070be00000, 0x000000070be00000|100%| E|CS|TAMS 0x000000070bc00000, 0x000000070bc00000| Complete 
|  21|0x000000070be00000, 0x000000070c000000, 0x000000070c000000|100%| E|CS|TAMS 0x000000070be00000, 0x000000070be00000| Complete 
|  22|0x000000070c000000, 0x000000070c200000, 0x000000070c200000|100%| E|CS|TAMS 0x000000070c000000, 0x000000070c000000| Complete 
|  23|0x000000070c200000, 0x000000070c400000, 0x000000070c400000|100%| E|CS|TAMS 0x000000070c200000, 0x000000070c200000| Complete 

Card table byte_map: [0x0000014cbe940000,0x0000014cbf100000] _byte_map_base: 0x0000014cbb0f6000

Marking Bits (Prev, Next): (CMBitMap*) 0x0000014cb3088eb0, (CMBitMap*) 0x0000014cb3088ef0
 Prev Bits: [0x0000014cbf8c0000, 0x0000014cc3670000)
 Next Bits: [0x0000014cc3670000, 0x0000014cc7420000)

Polling page: 0x0000014cb0f50000

Metaspace:

Usage:
  Non-class:     25.92 MB used.
      Class:      4.09 MB used.
       Both:     30.02 MB used.

Virtual space:
  Non-class space:       32.00 MB reserved,      26.25 MB ( 82%) committed,  4 nodes.
      Class space:        1.00 GB reserved,       4.38 MB ( <1%) committed,  1 nodes.
             Both:        1.03 GB reserved,      30.63 MB (  3%) committed. 

Chunk freelists:
   Non-Class:  1.54 MB
       Class:  3.67 MB
        Both:  5.21 MB

MaxMetaspaceSize: unlimited
CompressedClassSpaceSize: 1.00 GB
Initial GC threshold: 21.00 MB
Current GC threshold: 51.06 MB
CDS: on
MetaspaceReclaimPolicy: balanced
 - commit_granule_bytes: 65536.
 - commit_granule_words: 8192.
 - virtual_space_node_default_size: 1048576.
 - enlarge_chunks_in_place: 1.
 - new_chunks_are_fully_committed: 0.
 - uncommit_free_chunks: 1.
 - use_allocation_guard: 0.
 - handle_deallocations: 1.


Internal statistics:

num_allocs_failed_limit: 3.
num_arena_births: 1082.
num_arena_deaths: 644.
num_vsnodes_births: 5.
num_vsnodes_deaths: 0.
num_space_committed: 491.
num_space_uncommitted: 1.
num_chunks_returned_to_freelist: 1018.
num_chunks_taken_from_freelist: 2586.
num_chunk_merges: 130.
num_chunk_splits: 1245.
num_chunks_enlarged: 864.
num_purges: 58.
num_inconsistent_stats: 0.

CodeCache: size=49152Kb used=16014Kb max_used=17438Kb free=33137Kb
 bounds [0x0000014cbab10000, 0x0000014cbbc30000, 0x0000014cbdb10000]
 total_blobs=9684 nmethods=9138 adapters=472
 compilation: enabled
              stopped_count=0, restarted_count=0
 full_count=0

Compilation events (20 events):
Event: 26136.853 Thread 0x0000014ccb018330 nmethod 9126 0x0000014cbbae9b90 code [0x0000014cbbae9da0, 0x0000014cbbaea128]
Event: 26136.853 Thread 0x0000014ccb018330 9130   !   1       org.apache.tomcat.util.net.NioEndpoint$Poller::processKey (298 bytes)
Event: 26136.853 Thread 0x0000014ccb8572e0 nmethod 9129 0x0000014cbbae9710 code [0x0000014cbbae98a0, 0x0000014cbbae9ad8]
Event: 26136.853 Thread 0x0000014ccb8572e0 9131       1       org.apache.tomcat.util.net.NioEndpoint$Poller::unreg (15 bytes)
Event: 26136.853 Thread 0x0000014ccb8572e0 nmethod 9131 0x0000014cbbae9190 code [0x0000014cbbae9340, 0x0000014cbbae9538]
Event: 26136.853 Thread 0x0000014ccb8572e0 9132       1       org.apache.tomcat.util.net.NioEndpoint$Poller::reg (13 bytes)
Event: 26136.853 Thread 0x0000014ccb8572e0 nmethod 9132 0x0000014cbbae8e10 code [0x0000014cbbae8fa0, 0x0000014cbbae90a8]
Event: 26136.853 Thread 0x0000014ccb8572e0 9133       1       java.nio.channels.SelectionKey::isWritable (15 bytes)
Event: 26136.853 Thread 0x0000014ccb8572e0 nmethod 9133 0x0000014cbbae8a10 code [0x0000014cbbae8ba0, 0x0000014cbbae8d48]
Event: 26136.853 Thread 0x0000014ccb8572e0 9134       1       org.apache.coyote.http11.Http11Processor::setSocketWrapper (22 bytes)
Event: 26136.854 Thread 0x0000014ccb8572e0 nmethod 9134 0x0000014cbbae8590 code [0x0000014cbbae8740, 0x0000014cbbae8928]
Event: 26136.854 Thread 0x0000014ccb8572e0 9135       1       org.apache.coyote.http11.Http11InputBuffer::init (72 bytes)
Event: 26136.855 Thread 0x0000014ccb8572e0 nmethod 9135 0x0000014cbbae7c90 code [0x0000014cbbae7e80, 0x0000014cbbae82e8]
Event: 26136.856 Thread 0x0000014ccb018330 nmethod 9130 0x0000014cbbae5a10 code [0x0000014cbbae5d60, 0x0000014cbbae6cf8]
Event: 26136.863 Thread 0x0000014ccb018330 9136       1       org.apache.coyote.AbstractProcessor::recycle (15 bytes)
Event: 26136.864 Thread 0x0000014ccb018330 nmethod 9136 0x0000014cbbae5390 code [0x0000014cbbae5540, 0x0000014cbbae58c8]
Event: 26156.832 Thread 0x0000014ccb018330 9137   !   1       org.apache.coyote.http11.Http11Processor::service (1237 bytes)
Event: 26156.840 Thread 0x0000014ccb018330 nmethod 9137 0x0000014cbbae0010 code [0x0000014cbbae06e0, 0x0000014cbbae3048]
Event: 26156.840 Thread 0x0000014ccb018330 9138       1       org.apache.coyote.http11.Http11OutputBuffer::recycle (10 bytes)
Event: 26156.840 Thread 0x0000014ccb018330 nmethod 9138 0x0000014cbbadfc90 code [0x0000014cbbadfe20, 0x0000014cbbadff28]

GC Heap History (20 events):
Event: 27823.190 GC heap before
{Heap before GC invocations=239 (full 30):
 garbage-first heap   total 49152K, used 36239K [0x0000000709400000, 0x0000000800000000)
  region size 2048K, 11 young (22528K), 1 survivors (2048K)
 Metaspace       used 30738K, committed 31360K, reserved 1081344K
  class space    used 4191K, committed 4480K, reserved 1048576K
}
Event: 27823.191 GC heap after
{Heap after GC invocations=240 (full 30):
 garbage-first heap   total 49152K, used 15753K [0x0000000709400000, 0x0000000800000000)
  region size 2048K, 1 young (2048K), 1 survivors (2048K)
 Metaspace       used 30738K, committed 31360K, reserved 1081344K
  class space    used 4191K, committed 4480K, reserved 1048576K
}
Event: 27943.550 GC heap before
{Heap before GC invocations=240 (full 30):
 garbage-first heap   total 49152K, used 36233K [0x0000000709400000, 0x0000000800000000)
  region size 2048K, 11 young (22528K), 1 survivors (2048K)
 Metaspace       used 30738K, committed 31360K, reserved 1081344K
  class space    used 4191K, committed 4480K, reserved 1048576K
}
Event: 27943.551 GC heap after
{Heap after GC invocations=241 (full 30):
 garbage-first heap   total 49152K, used 15757K [0x0000000709400000, 0x0000000800000000)
  region size 2048K, 1 young (2048K), 1 survivors (2048K)
 Metaspace       used 30738K, committed 31360K, reserved 1081344K
  class space    used 4191K, committed 4480K, reserved 1048576K
}
Event: 28063.839 GC heap before
{Heap before GC invocations=241 (full 30):
 garbage-first heap   total 49152K, used 36237K [0x0000000709400000, 0x0000000800000000)
  region size 2048K, 11 young (22528K), 1 survivors (2048K)
 Metaspace       used 30738K, committed 31360K, reserved 1081344K
  class space    used 4191K, committed 4480K, reserved 1048576K
}
Event: 28063.839 GC heap after
{Heap after GC invocations=242 (full 30):
 garbage-first heap   total 49152K, used 15778K [0x0000000709400000, 0x0000000800000000)
  region size 2048K, 1 young (2048K), 1 survivors (2048K)
 Metaspace       used 30738K, committed 31360K, reserved 1081344K
  class space    used 4191K, committed 4480K, reserved 1048576K
}
Event: 28184.222 GC heap before
{Heap before GC invocations=242 (full 30):
 garbage-first heap   total 49152K, used 36258K [0x0000000709400000, 0x0000000800000000)
  region size 2048K, 11 young (22528K), 1 survivors (2048K)
 Metaspace       used 30738K, committed 31360K, reserved 1081344K
  class space    used 4191K, committed 4480K, reserved 1048576K
}
Event: 28184.223 GC heap after
{Heap after GC invocations=243 (full 30):
 garbage-first heap   total 49152K, used 15800K [0x0000000709400000, 0x0000000800000000)
  region size 2048K, 1 young (2048K), 1 survivors (2048K)
 Metaspace       used 30738K, committed 31360K, reserved 1081344K
  class space    used 4191K, committed 4480K, reserved 1048576K
}
Event: 28304.402 GC heap before
{Heap before GC invocations=243 (full 30):
 garbage-first heap   total 49152K, used 36280K [0x0000000709400000, 0x0000000800000000)
  region size 2048K, 11 young (22528K), 1 survivors (2048K)
 Metaspace       used 30738K, committed 31360K, reserved 1081344K
  class space    used 4191K, committed 4480K, reserved 1048576K
}
Event: 28304.403 GC heap after
{Heap after GC invocations=244 (full 30):
 garbage-first heap   total 49152K, used 15776K [0x0000000709400000, 0x0000000800000000)
  region size 2048K, 1 young (2048K), 1 survivors (2048K)
 Metaspace       used 30738K, committed 31360K, reserved 1081344K
  class space    used 4191K, committed 4480K, reserved 1048576K
}
Event: 28425.162 GC heap before
{Heap before GC invocations=244 (full 30):
 garbage-first heap   total 49152K, used 36256K [0x0000000709400000, 0x0000000800000000)
  region size 2048K, 11 young (22528K), 1 survivors (2048K)
 Metaspace       used 30738K, committed 31360K, reserved 1081344K
  class space    used 4191K, committed 4480K, reserved 1048576K
}
Event: 28425.164 GC heap after
{Heap after GC invocations=245 (full 30):
 garbage-first heap   total 49152K, used 15768K [0x0000000709400000, 0x0000000800000000)
  region size 2048K, 1 young (2048K), 1 survivors (2048K)
 Metaspace       used 30738K, committed 31360K, reserved 1081344K
  class space    used 4191K, committed 4480K, reserved 1048576K
}
Event: 28545.775 GC heap before
{Heap before GC invocations=245 (full 30):
 garbage-first heap   total 49152K, used 36248K [0x0000000709400000, 0x0000000800000000)
  region size 2048K, 11 young (22528K), 1 survivors (2048K)
 Metaspace       used 30738K, committed 31360K, reserved 1081344K
  class space    used 4191K, committed 4480K, reserved 1048576K
}
Event: 28545.776 GC heap after
{Heap after GC invocations=246 (full 30):
 garbage-first heap   total 49152K, used 15766K [0x0000000709400000, 0x0000000800000000)
  region size 2048K, 1 young (2048K), 1 survivors (2048K)
 Metaspace       used 30738K, committed 31360K, reserved 1081344K
  class space    used 4191K, committed 4480K, reserved 1048576K
}
Event: 28666.148 GC heap before
{Heap before GC invocations=246 (full 30):
 garbage-first heap   total 49152K, used 36246K [0x0000000709400000, 0x0000000800000000)
  region size 2048K, 11 young (22528K), 1 survivors (2048K)
 Metaspace       used 30738K, committed 31360K, reserved 1081344K
  class space    used 4191K, committed 4480K, reserved 1048576K
}
Event: 28666.149 GC heap after
{Heap after GC invocations=247 (full 30):
 garbage-first heap   total 49152K, used 15774K [0x0000000709400000, 0x0000000800000000)
  region size 2048K, 1 young (2048K), 1 survivors (2048K)
 Metaspace       used 30738K, committed 31360K, reserved 1081344K
  class space    used 4191K, committed 4480K, reserved 1048576K
}
Event: 28786.225 GC heap before
{Heap before GC invocations=247 (full 30):
 garbage-first heap   total 49152K, used 36254K [0x0000000709400000, 0x0000000800000000)
  region size 2048K, 11 young (22528K), 1 survivors (2048K)
 Metaspace       used 30738K, committed 31360K, reserved 1081344K
  class space    used 4191K, committed 4480K, reserved 1048576K
}
Event: 28786.226 GC heap after
{Heap after GC invocations=248 (full 30):
 garbage-first heap   total 49152K, used 15768K [0x0000000709400000, 0x0000000800000000)
  region size 2048K, 1 young (2048K), 1 survivors (2048K)
 Metaspace       used 30738K, committed 31360K, reserved 1081344K
  class space    used 4191K, committed 4480K, reserved 1048576K
}
Event: 28906.753 GC heap before
{Heap before GC invocations=248 (full 30):
 garbage-first heap   total 49152K, used 36248K [0x0000000709400000, 0x0000000800000000)
  region size 2048K, 11 young (22528K), 1 survivors (2048K)
 Metaspace       used 30738K, committed 31360K, reserved 1081344K
  class space    used 4191K, committed 4480K, reserved 1048576K
}
Event: 28906.753 GC heap after
{Heap after GC invocations=249 (full 30):
 garbage-first heap   total 49152K, used 15774K [0x0000000709400000, 0x0000000800000000)
  region size 2048K, 1 young (2048K), 1 survivors (2048K)
 Metaspace       used 30738K, committed 31360K, reserved 1081344K
  class space    used 4191K, committed 4480K, reserved 1048576K
}

Dll operation events (12 events):
Event: 0.010 Loaded shared library C:\Users\bonghun\.jdks\corretto-17.0.6\bin\java.dll
Event: 0.018 Loaded shared library C:\Users\bonghun\.jdks\corretto-17.0.6\bin\jsvml.dll
Event: 0.098 Loaded shared library C:\Users\bonghun\.jdks\corretto-17.0.6\bin\zip.dll
Event: 0.103 Loaded shared library C:\Users\bonghun\.jdks\corretto-17.0.6\bin\instrument.dll
Event: 0.110 Loaded shared library C:\Users\bonghun\.jdks\corretto-17.0.6\bin\net.dll
Event: 0.112 Loaded shared library C:\Users\bonghun\.jdks\corretto-17.0.6\bin\nio.dll
Event: 0.115 Loaded shared library C:\Users\bonghun\.jdks\corretto-17.0.6\bin\zip.dll
Event: 0.152 Loaded shared library C:\Program Files\JetBrains\IntelliJ IDEA 2022.3.2\bin\breakgen64.dll
Event: 0.155 Loaded shared library C:\Users\bonghun\.jdks\corretto-17.0.6\bin\jimage.dll
Event: 0.172 Loaded shared library C:\Users\bonghun\.jdks\corretto-17.0.6\bin\management.dll
Event: 0.179 Loaded shared library C:\Users\bonghun\.jdks\corretto-17.0.6\bin\management_ext.dll
Event: 2.360 Loaded shared library C:\Users\bonghun\.jdks\corretto-17.0.6\bin\sunmscapi.dll

Deoptimization events (14 events):
Event: 1.383 Thread 0x0000014ccb840950 DEOPT PACKING pc=0x0000014cbb16a179 sp=0x00000003f73fc830
Event: 1.383 Thread 0x0000014ccb840950 DEOPT UNPACKING pc=0x0000014cbab67143 sp=0x00000003f73fbd10 mode 3
Event: 2.487 Thread 0x0000014ccb840950 DEOPT PACKING pc=0x0000014cbb34e825 sp=0x00000003f73fba00
Event: 2.487 Thread 0x0000014ccb840950 DEOPT UNPACKING pc=0x0000014cbab67143 sp=0x00000003f73faf68 mode 3
Event: 2.517 Thread 0x0000014ccc8a87d0 DEOPT PACKING pc=0x0000014cbb02f11f sp=0x00000003f86ff310
Event: 2.517 Thread 0x0000014ccc8a87d0 DEOPT UNPACKING pc=0x0000014cbab67143 sp=0x00000003f86fe768 mode 3
Event: 5440.747 Thread 0x0000014ccd038710 DEOPT PACKING pc=0x0000014cbb77e64b sp=0x00000003f8ffce90
Event: 5440.747 Thread 0x0000014ccd039580 DEOPT PACKING pc=0x0000014cbb77e64b sp=0x00000003f86fcf70
Event: 5440.747 Thread 0x0000014ccd03c5a0 DEOPT PACKING pc=0x0000014cbb77e64b sp=0x00000003f8bfcc30
Event: 5440.747 Thread 0x0000014ccd038710 DEOPT UNPACKING pc=0x0000014cbab67143 sp=0x00000003f8ffc3b8 mode 3
Event: 5440.747 Thread 0x0000014ccd039580 DEOPT UNPACKING pc=0x0000014cbab67143 sp=0x00000003f86fc498 mode 3
Event: 5440.747 Thread 0x0000014ccd03c5a0 DEOPT UNPACKING pc=0x0000014cbab67143 sp=0x00000003f8bfc158 mode 3
Event: 8481.011 Thread 0x0000014ccd03b730 DEOPT PACKING pc=0x0000014cbb8ebaf9 sp=0x00000003f72fd5f0
Event: 8481.011 Thread 0x0000014ccd03b730 DEOPT UNPACKING pc=0x0000014cbab67143 sp=0x00000003f72fcad0 mode 3

Classes unloaded (20 events):
Event: 11964.885 Thread 0x0000014cca4b3d50 Unloading class 0x0000000800fa0000 'com/ll/basic1/boundedContext/member/entity/Member'
Event: 11964.885 Thread 0x0000014cca4b3d50 Unloading class 0x0000000801010c38 'com/ll/basic1/Basic1Application$$SpringCGLIB$$0'
Event: 11964.885 Thread 0x0000014cca4b3d50 Unloading class 0x0000000801010a18 'com/ll/basic1/boundedContext/member/service/MemberService'
Event: 11964.885 Thread 0x0000014cca4b3d50 Unloading class 0x0000000801010800 'com/ll/basic1/boundedContext/member/repository/MemberRepository'
Event: 11964.885 Thread 0x0000014cca4b3d50 Unloading class 0x0000000801060410 'com/ll/basic1/boundedContext/home/controller/HomeController'
Event: 11964.885 Thread 0x0000014cca4b3d50 Unloading class 0x0000000801060200 'com/ll/basic1/base/Rq'
Event: 11964.885 Thread 0x0000014cca4b3d50 Unloading class 0x0000000801060000 'com/ll/basic1/Basic1Application'
Event: 11966.634 Thread 0x0000014cca4b3d50 Unloading class 0x0000000800f84800 'org/apache/catalina/loader/JdbcLeakPrevention'
Event: 11966.634 Thread 0x0000014cca4b3d50 Unloading class 0x0000000800e7cae8 'com/ll/basic1/base/rsData/RsData'
Event: 11966.634 Thread 0x0000014cca4b3d50 Unloading class 0x0000000800e7c8b8 'com/ll/basic1/boundedContext/home/controller/Person'
Event: 11966.634 Thread 0x0000014cca4b3d50 Unloading class 0x0000000800e7c688 'com/ll/basic1/boundedContext/home/controller/CarV2'
Event: 11966.634 Thread 0x0000014cca4b3d50 Unloading class 0x0000000800e7c460 'com/ll/basic1/boundedContext/home/controller/Car'
Event: 11966.634 Thread 0x0000014cca4b3d50 Unloading class 0x0000000800e7c230 'com/ll/basic1/boundedContext/member/entity/Member'
Event: 11966.634 Thread 0x0000014cca4b3d50 Unloading class 0x0000000800e7c000 'com/ll/basic1/Basic1Application$$SpringCGLIB$$0'
Event: 11966.634 Thread 0x0000014cca4b3d50 Unloading class 0x0000000800e80438 'com/ll/basic1/boundedContext/member/service/MemberService'
Event: 11966.634 Thread 0x0000014cca4b3d50 Unloading class 0x0000000800e80220 'com/ll/basic1/boundedContext/member/repository/MemberRepository'
Event: 11966.634 Thread 0x0000014cca4b3d50 Unloading class 0x0000000800e80000 'com/ll/basic1/boundedContext/member/controller/MemberController'
Event: 11966.634 Thread 0x0000014cca4b3d50 Unloading class 0x0000000800ec3410 'com/ll/basic1/boundedContext/home/controller/HomeController'
Event: 11966.634 Thread 0x0000014cca4b3d50 Unloading class 0x0000000800ec3200 'com/ll/basic1/base/Rq'
Event: 11966.634 Thread 0x0000014cca4b3d50 Unloading class 0x0000000800ec3000 'com/ll/basic1/Basic1Application'

Classes redefined (0 events):
No events

Internal exceptions (20 events):
Event: 11965.058 Thread 0x0000014ccd03c5a0 Exception <a 'java/lang/NoClassDefFoundError'{0x000000070b3548f8}: liquibase/integration/spring/SpringLiquibase> (0x000000070b3548f8) 
thrown [s\src\hotspot\share\oops\constantPool.cpp, line 835]
Event: 11965.088 Thread 0x0000014ccd03c5a0 Exception <a 'sun/nio/fs/WindowsException'{0x000000070af23010}> (0x000000070af23010) 
thrown [s\src\hotspot\share\prims\jni.cpp, line 516]
Event: 11965.088 Thread 0x0000014ccd03c5a0 Exception <a 'sun/nio/fs/WindowsException'{0x000000070af23720}> (0x000000070af23720) 
thrown [s\src\hotspot\share\prims\jni.cpp, line 516]
Event: 11965.089 Thread 0x0000014ccd03c5a0 Exception <a 'sun/nio/fs/WindowsException'{0x000000070af23e18}> (0x000000070af23e18) 
thrown [s\src\hotspot\share\prims\jni.cpp, line 516]
Event: 11965.095 Thread 0x0000014ccd03c5a0 Exception <a 'java/io/FileNotFoundException'{0x000000070af4fb10}> (0x000000070af4fb10) 
thrown [s\src\hotspot\share\prims\jni.cpp, line 516]
Event: 11965.095 Thread 0x0000014ccd03c5a0 Exception <a 'java/io/FileNotFoundException'{0x000000070af51048}> (0x000000070af51048) 
thrown [s\src\hotspot\share\prims\jni.cpp, line 516]
Event: 11965.104 Thread 0x0000014ccd03c5a0 Exception <a 'java/io/FileNotFoundException'{0x000000070ac20bc8}> (0x000000070ac20bc8) 
thrown [s\src\hotspot\share\prims\jni.cpp, line 516]
Event: 11966.622 Thread 0x0000014ccd038710 Exception <a 'java/lang/InterruptedException'{0x000000070bc8ae38}: sleep interrupted> (0x000000070bc8ae38) 
thrown [s\src\hotspot\share\prims\jvm.cpp, line 3070]
Event: 11966.670 Thread 0x0000014ccd038710 Exception <a 'sun/nio/fs/WindowsException'{0x000000070c2af2c8}> (0x000000070c2af2c8) 
thrown [s\src\hotspot\share\prims\jni.cpp, line 516]
Event: 11966.810 Thread 0x0000014ccd038710 Exception <a 'java/lang/NoClassDefFoundError'{0x000000070b296a30}: org/flywaydb/core/Flyway> (0x000000070b296a30) 
thrown [s\src\hotspot\share\oops\constantPool.cpp, line 835]
Event: 11966.810 Thread 0x0000014ccd038710 Exception <a 'java/lang/NoClassDefFoundError'{0x000000070b297080}: liquibase/integration/spring/SpringLiquibase> (0x000000070b297080) 
thrown [s\src\hotspot\share\oops\constantPool.cpp, line 835]
Event: 11966.833 Thread 0x0000014ccd038710 Exception <a 'sun/nio/fs/WindowsException'{0x000000070b1f6018}> (0x000000070b1f6018) 
thrown [s\src\hotspot\share\prims\jni.cpp, line 516]
Event: 11966.833 Thread 0x0000014ccd038710 Exception <a 'sun/nio/fs/WindowsException'{0x000000070b1f6728}> (0x000000070b1f6728) 
thrown [s\src\hotspot\share\prims\jni.cpp, line 516]
Event: 11966.833 Thread 0x0000014ccd038710 Exception <a 'sun/nio/fs/WindowsException'{0x000000070b1f6e48}> (0x000000070b1f6e48) 
thrown [s\src\hotspot\share\prims\jni.cpp, line 516]
Event: 11966.839 Thread 0x0000014ccd038710 Exception <a 'java/io/FileNotFoundException'{0x000000070ae22a28}> (0x000000070ae22a28) 
thrown [s\src\hotspot\share\prims\jni.cpp, line 516]
Event: 11966.839 Thread 0x0000014ccd038710 Exception <a 'java/io/FileNotFoundException'{0x000000070ae23f60}> (0x000000070ae23f60) 
thrown [s\src\hotspot\share\prims\jni.cpp, line 516]
Event: 11966.847 Thread 0x0000014ccd038710 Exception <a 'java/io/FileNotFoundException'{0x000000070aeea728}> (0x000000070aeea728) 
thrown [s\src\hotspot\share\prims\jni.cpp, line 516]
Event: 14828.428 Thread 0x0000014ccd03c5a0 Exception <a 'sun/net/ConnectionResetException'{0x000000070b9825c0}: Connection reset> (0x000000070b9825c0) 
thrown [s\src\hotspot\share\prims\jni.cpp, line 535]
Event: 14828.583 Thread 0x0000014ccd039a50 Exception <a 'sun/net/ConnectionResetException'{0x000000070c07c6a0}: Connection reset> (0x000000070c07c6a0) 
thrown [s\src\hotspot\share\prims\jni.cpp, line 535]
Event: 14828.729 Thread 0x0000014ccd036560 Exception <a 'sun/net/ConnectionResetException'{0x000000070be29b70}: Connection reset> (0x000000070be29b70) 
thrown [s\src\hotspot\share\prims\jni.cpp, line 535]

VM Operations (20 events):
Event: 27823.190 Executing VM operation: G1CollectForAllocation
Event: 27823.191 Executing VM operation: G1CollectForAllocation done
Event: 27943.550 Executing VM operation: G1CollectForAllocation
Event: 27943.551 Executing VM operation: G1CollectForAllocation done
Event: 28063.839 Executing VM operation: G1CollectForAllocation
Event: 28063.839 Executing VM operation: G1CollectForAllocation done
Event: 28184.222 Executing VM operation: G1CollectForAllocation
Event: 28184.223 Executing VM operation: G1CollectForAllocation done
Event: 28304.402 Executing VM operation: G1CollectForAllocation
Event: 28304.403 Executing VM operation: G1CollectForAllocation done
Event: 28425.162 Executing VM operation: G1CollectForAllocation
Event: 28425.164 Executing VM operation: G1CollectForAllocation done
Event: 28545.775 Executing VM operation: G1CollectForAllocation
Event: 28545.776 Executing VM operation: G1CollectForAllocation done
Event: 28666.148 Executing VM operation: G1CollectForAllocation
Event: 28666.149 Executing VM operation: G1CollectForAllocation done
Event: 28786.225 Executing VM operation: G1CollectForAllocation
Event: 28786.226 Executing VM operation: G1CollectForAllocation done
Event: 28906.752 Executing VM operation: G1CollectForAllocation
Event: 28906.753 Executing VM operation: G1CollectForAllocation done

Events (20 events):
Event: 11966.917 Thread 0x0000014ccd037d70 Thread added: 0x0000014ccd037d70
Event: 11966.920 Thread 0x0000014ccd038710 Thread exited: 0x0000014ccd038710
Event: 11966.920 Thread 0x0000014ccd0390b0 Thread exited: 0x0000014ccd0390b0
Event: 11972.086 Thread 0x0000014ccb854040 Thread exited: 0x0000014ccb854040
Event: 11977.099 Thread 0x0000014ccb8568c0 Thread exited: 0x0000014ccb8568c0
Event: 11982.111 Thread 0x0000014ccb856dd0 Thread exited: 0x0000014ccb856dd0
Event: 12004.321 Thread 0x0000014ccb854550 Thread added: 0x0000014ccb854550
Event: 12004.321 Thread 0x0000014ccb854f70 Thread added: 0x0000014ccb854f70
Event: 12004.321 Thread 0x0000014ccb8568c0 Thread added: 0x0000014ccb8568c0
Event: 12009.339 Thread 0x0000014ccb8568c0 Thread exited: 0x0000014ccb8568c0
Event: 12014.352 Thread 0x0000014ccb854f70 Thread exited: 0x0000014ccb854f70
Event: 12019.353 Thread 0x0000014ccb854550 Thread exited: 0x0000014ccb854550
Event: 14808.803 Thread 0x0000014ccb854a60 Thread added: 0x0000014ccb854a60
Event: 14808.803 Thread 0x0000014ccb8568c0 Thread added: 0x0000014ccb8568c0
Event: 14813.817 Thread 0x0000014ccb8568c0 Thread exited: 0x0000014ccb8568c0
Event: 14818.825 Thread 0x0000014ccb854a60 Thread exited: 0x0000014ccb854a60
Event: 14828.428 loading class sun/net/ConnectionResetException
Event: 14828.428 loading class sun/net/ConnectionResetException done
Event: 26136.851 Thread 0x0000014ccb8572e0 Thread added: 0x0000014ccb8572e0
Event: 26141.878 Thread 0x0000014ccb8572e0 Thread exited: 0x0000014ccb8572e0


Dynamic libraries:
0x00007ff62cbc0000 - 0x00007ff62cbcd000 	C:\Users\bonghun\.jdks\corretto-17.0.6\bin\java.exe
0x00007ff943790000 - 0x00007ff9439a4000 	C:\WINDOWS\SYSTEM32\ntdll.dll
0x00007ff941670000 - 0x00007ff941733000 	C:\WINDOWS\System32\KERNEL32.DLL
0x00007ff940ed0000 - 0x00007ff94126c000 	C:\WINDOWS\System32\KERNELBASE.dll
0x00007ff941450000 - 0x00007ff941561000 	C:\WINDOWS\System32\ucrtbase.dll
0x00007ff92c600000 - 0x00007ff92c615000 	C:\Users\bonghun\.jdks\corretto-17.0.6\bin\VCRUNTIME140.dll
0x00007ff91e9c0000 - 0x00007ff91e9d7000 	C:\Users\bonghun\.jdks\corretto-17.0.6\bin\jli.dll
0x00007ff942f00000 - 0x00007ff9430ad000 	C:\WINDOWS\System32\USER32.dll
0x00007ff93fdd0000 - 0x00007ff94005e000 	C:\WINDOWS\WinSxS\amd64_microsoft.windows.common-controls_6595b64144ccf1df_6.0.22621.608_none_a9444ca7c10bb01d\COMCTL32.dll
0x00007ff941570000 - 0x00007ff941596000 	C:\WINDOWS\System32\win32u.dll
0x00007ff942410000 - 0x00007ff9424b7000 	C:\WINDOWS\System32\msvcrt.dll
0x00007ff942730000 - 0x00007ff942759000 	C:\WINDOWS\System32\GDI32.dll
0x00007ff940c40000 - 0x00007ff940d53000 	C:\WINDOWS\System32\gdi32full.dll
0x00007ff941270000 - 0x00007ff94130a000 	C:\WINDOWS\System32\msvcp_win.dll
0x00007ff942520000 - 0x00007ff942551000 	C:\WINDOWS\System32\IMM32.DLL
0x00007ff8bf910000 - 0x00007ff8bf9ab000 	C:\Users\bonghun\.jdks\corretto-17.0.6\bin\msvcp140.dll
0x00007ff8beb60000 - 0x00007ff8bf778000 	C:\Users\bonghun\.jdks\corretto-17.0.6\bin\server\jvm.dll
0x00007ff942e50000 - 0x00007ff942efe000 	C:\WINDOWS\System32\ADVAPI32.dll
0x00007ff9430b0000 - 0x00007ff943154000 	C:\WINDOWS\System32\sechost.dll
0x00007ff942240000 - 0x00007ff942355000 	C:\WINDOWS\System32\RPCRT4.dll
0x00007ff928800000 - 0x00007ff928809000 	C:\WINDOWS\SYSTEM32\WSOCK32.dll
0x00007ff938f30000 - 0x00007ff938f64000 	C:\WINDOWS\SYSTEM32\WINMM.dll
0x00007ff938b70000 - 0x00007ff938b7a000 	C:\WINDOWS\SYSTEM32\VERSION.dll
0x00007ff9428d0000 - 0x00007ff942941000 	C:\WINDOWS\System32\WS2_32.dll
0x00007ff93f500000 - 0x00007ff93f518000 	C:\WINDOWS\SYSTEM32\kernel.appcore.dll
0x00007ff92c5f0000 - 0x00007ff92c5fa000 	C:\Users\bonghun\.jdks\corretto-17.0.6\bin\jimage.dll
0x00007ff940550000 - 0x00007ff94077e000 	C:\WINDOWS\SYSTEM32\DBGHELP.DLL
0x00007ff942ac0000 - 0x00007ff942e49000 	C:\WINDOWS\System32\combase.dll
0x00007ff942950000 - 0x00007ff942a27000 	C:\WINDOWS\System32\OLEAUT32.dll
0x00007ff9403c0000 - 0x00007ff9403f2000 	C:\WINDOWS\SYSTEM32\dbgcore.DLL
0x00007ff9413d0000 - 0x00007ff94144b000 	C:\WINDOWS\System32\bcryptPrimitives.dll
0x00007ff93d080000 - 0x00007ff93d08e000 	C:\Users\bonghun\.jdks\corretto-17.0.6\bin\instrument.dll
0x00007ff8c6060000 - 0x00007ff8c6085000 	C:\Users\bonghun\.jdks\corretto-17.0.6\bin\java.dll
0x00007ff8bea80000 - 0x00007ff8beb56000 	C:\Users\bonghun\.jdks\corretto-17.0.6\bin\jsvml.dll
0x00007ff941740000 - 0x00007ff941f30000 	C:\WINDOWS\System32\SHELL32.dll
0x00007ff93e3a0000 - 0x00007ff93ec6e000 	C:\WINDOWS\SYSTEM32\windows.storage.dll
0x00007ff93e260000 - 0x00007ff93e39e000 	C:\WINDOWS\SYSTEM32\wintypes.dll
0x00007ff943650000 - 0x00007ff943741000 	C:\WINDOWS\System32\SHCORE.dll
0x00007ff942040000 - 0x00007ff94209e000 	C:\WINDOWS\System32\shlwapi.dll
0x00007ff940b00000 - 0x00007ff940b21000 	C:\WINDOWS\SYSTEM32\profapi.dll
0x00007ff8bfbc0000 - 0x00007ff8bfbd8000 	C:\Users\bonghun\.jdks\corretto-17.0.6\bin\zip.dll
0x00007ff91e9a0000 - 0x00007ff91e9b9000 	C:\Users\bonghun\.jdks\corretto-17.0.6\bin\net.dll
0x00007ff938f70000 - 0x00007ff93909f000 	C:\WINDOWS\SYSTEM32\WINHTTP.dll
0x00007ff93f9b0000 - 0x00007ff93fa19000 	C:\WINDOWS\system32\mswsock.dll
0x00007ff904190000 - 0x00007ff9041a5000 	C:\Users\bonghun\.jdks\corretto-17.0.6\bin\nio.dll
0x00007ff93d060000 - 0x00007ff93d07a000 	C:\Program Files\JetBrains\IntelliJ IDEA 2022.3.2\bin\breakgen64.dll
0x00007ff93f100000 - 0x00007ff93f1f3000 	C:\WINDOWS\SYSTEM32\DNSAPI.dll
0x00007ff93f0d0000 - 0x00007ff93f0fd000 	C:\WINDOWS\SYSTEM32\IPHLPAPI.DLL
0x00007ff942720000 - 0x00007ff942729000 	C:\WINDOWS\System32\NSI.dll
0x00007ff9392e0000 - 0x00007ff9392ea000 	C:\Windows\System32\rasadhlp.dll
0x00007ff936e30000 - 0x00007ff936eb3000 	C:\WINDOWS\System32\fwpuclnt.dll
0x00007ff93d050000 - 0x00007ff93d059000 	C:\Users\bonghun\.jdks\corretto-17.0.6\bin\management.dll
0x00007ff93d040000 - 0x00007ff93d04b000 	C:\Users\bonghun\.jdks\corretto-17.0.6\bin\management_ext.dll
0x00007ff943640000 - 0x00007ff943648000 	C:\WINDOWS\System32\PSAPI.DLL
0x00007ff940870000 - 0x00007ff94088b000 	C:\WINDOWS\SYSTEM32\CRYPTSP.dll
0x00007ff93f4c0000 - 0x00007ff93f4f5000 	C:\WINDOWS\system32\rsaenh.dll
0x00007ff93f930000 - 0x00007ff93f958000 	C:\WINDOWS\SYSTEM32\USERENV.dll
0x00007ff9404d0000 - 0x00007ff9404f8000 	C:\WINDOWS\SYSTEM32\bcrypt.dll
0x00007ff93fc10000 - 0x00007ff93fc1c000 	C:\WINDOWS\SYSTEM32\CRYPTBASE.dll
0x00007ff938b50000 - 0x00007ff938b69000 	C:\WINDOWS\SYSTEM32\dhcpcsvc6.DLL
0x00007ff938c40000 - 0x00007ff938c5f000 	C:\WINDOWS\SYSTEM32\dhcpcsvc.DLL
0x00007ff8da200000 - 0x00007ff8da217000 	C:\WINDOWS\system32\napinsp.dll
0x00007ff8da1e0000 - 0x00007ff8da1fb000 	C:\WINDOWS\system32\pnrpnsp.dll
0x00007ff8da1c0000 - 0x00007ff8da1d1000 	C:\WINDOWS\System32\winrnr.dll
0x00007ff939410000 - 0x00007ff939425000 	C:\WINDOWS\system32\wshbth.dll
0x00007ff8ed400000 - 0x00007ff8ed421000 	C:\WINDOWS\system32\nlansp_c.dll
0x00007ff93d030000 - 0x00007ff93d03e000 	C:\Users\bonghun\.jdks\corretto-17.0.6\bin\sunmscapi.dll
0x00007ff940d60000 - 0x00007ff940ec6000 	C:\WINDOWS\System32\CRYPT32.dll
0x00007ff9400a0000 - 0x00007ff9400cd000 	C:\WINDOWS\SYSTEM32\ncrypt.dll
0x00007ff940060000 - 0x00007ff940097000 	C:\WINDOWS\SYSTEM32\NTASN1.dll
0x00007ff911080000 - 0x00007ff911088000 	C:\WINDOWS\system32\wshunix.dll

dbghelp: loaded successfully - version: 4.0.5 - missing functions: none
symbol engine: initialized successfully - sym options: 0x614 - pdb path: .;C:\Users\bonghun\.jdks\corretto-17.0.6\bin;C:\WINDOWS\SYSTEM32;C:\WINDOWS\WinSxS\amd64_microsoft.windows.common-controls_6595b64144ccf1df_6.0.22621.608_none_a9444ca7c10bb01d;C:\Users\bonghun\.jdks\corretto-17.0.6\bin\server;C:\Program Files\JetBrains\IntelliJ IDEA 2022.3.2\bin

VM Arguments:
jvm_args: -XX:TieredStopAtLevel=1 -Dspring.output.ansi.enabled=always -Dcom.sun.management.jmxremote -Dspring.jmx.enabled=true -Dspring.liveBeansView.mbeanDomain -Dspring.application.admin.enabled=true -Dmanagement.endpoints.jmx.exposure.include=* -javaagent:C:\Program Files\JetBrains\IntelliJ IDEA 2022.3.2\lib\idea_rt.jar=6282:C:\Program Files\JetBrains\IntelliJ IDEA 2022.3.2\bin -Dfile.encoding=UTF-8 
java_command: com.ll.basic1.Basic1Application
java_class_path (initial): C:\Users\bonghun\IdeaProjects\basic1\build\classes\java\main;C:\Users\bonghun\IdeaProjects\basic1\out\production\resources;C:\Users\bonghun\.gradle\caches\modules-2\files-2.1\org.projectlombok\lombok\1.18.26\8f8cf0372abf564913e9796623aac4c8ea44025a\lombok-1.18.26.jar;C:\Users\bonghun\.gradle\caches\modules-2\files-2.1\org.springframework.boot\spring-boot-starter-thymeleaf\3.0.4\ea681f9f477da793eb9024a23686db9a59b50bc6\spring-boot-starter-thymeleaf-3.0.4.jar;C:\Users\bonghun\.gradle\caches\modules-2\files-2.1\org.springframework.boot\spring-boot-starter-web\3.0.4\6a7405b436c6943f056cdbab587fe48bdc2b4911\spring-boot-starter-web-3.0.4.jar;C:\Users\bonghun\.gradle\caches\modules-2\files-2.1\org.springframework.boot\spring-boot-starter\3.0.4\8f957a8bc9d70c0ca922406c6e23cb3db5d48109\spring-boot-starter-3.0.4.jar;C:\Users\bonghun\.gradle\caches\modules-2\files-2.1\org.thymeleaf\thymeleaf-spring6\3.1.1.RELEASE\deb52ef921a4ac5132fedb7ebfc2bc1dad4382b3\thymeleaf-spring6-3.1.1.RELEASE.jar;C:\Users\bonghun\.gradle\caches\modules-2\files-2.1\org.springframework.boot\spring-boot-starter-json\3.0.4\5ddf427d011646fe787fdaa1b8edc4a4eebd48d5\spring-boot-starter-json-3.0.4.jar;C:\Users\bonghun\.gradle\caches\modules-2\files-2.1\org.springframework.boot\spring-boot-starter-tomcat\3.0.4\40babd5ca3db46adf7c59b70ca2e6f2a528b558c\spring-boot-starter-tomcat-3.0.4.jar;C:\Users\bonghun\.gradle\caches\modules-2\files-2.1\org.springframework\spring-webmvc\6.0.6\302580efc981ad6797a85814ea0996e2149bb420\spring-webmvc-6.0.6.jar;C:\Users\bonghun\.gradle\caches\modules-2\files-2.1\org.springframework\spring-web\6.0.6\2916961032e54aaeb534a290530b7b69e297bfcc\spring-web-6.0.6.jar;C:\Users\bonghun\.gradle\caches\modules-2\files-2.1\org.springframework.boot\spring-boot-autoconfigure\3.0.4\7eb11bff0f965807f1088da20bc169bff27d284\spring-boot-autoconfigure-3.0.4.jar;C:\Users\bonghun\.gradle\caches\modules-2\files-2.1\org.springframework.boot\spring-boot\3.0.4\27e5fceb2faf8ec399
Launcher Type: SUN_STANDARD

[Global flags]
     intx CICompilerCount                          = 12                                        {product} {ergonomic}
     uint ConcGCThreads                            = 3                                         {product} {ergonomic}
     uint G1ConcRefinementThreads                  = 13                                        {product} {ergonomic}
   size_t G1HeapRegionSize                         = 2097152                                   {product} {ergonomic}
    uintx GCDrainStackTargetSize                   = 64                                        {product} {ergonomic}
   size_t InitialHeapSize                          = 260046848                                 {product} {ergonomic}
     bool ManagementServer                         = true                                      {product} {command line}
   size_t MarkStackSize                            = 4194304                                   {product} {ergonomic}
   size_t MaxHeapSize                              = 4139778048                                {product} {ergonomic}
   size_t MaxNewSize                               = 2483027968                                {product} {ergonomic}
   size_t MinHeapDeltaBytes                        = 2097152                                   {product} {ergonomic}
   size_t MinHeapSize                              = 8388608                                   {product} {ergonomic}
    uintx NonProfiledCodeHeapSize                  = 0                                      {pd product} {ergonomic}
     bool ProfileInterpreter                       = false                                  {pd product} {command line}
    uintx ProfiledCodeHeapSize                     = 0                                      {pd product} {ergonomic}
   size_t SoftMaxHeapSize                          = 4139778048                             {manageable} {ergonomic}
     intx TieredStopAtLevel                        = 1                                         {product} {command line}
     bool UseCompressedClassPointers               = true                           {product lp64_product} {ergonomic}
     bool UseCompressedOops                        = true                           {product lp64_product} {ergonomic}
     bool UseG1GC                                  = true                                      {product} {ergonomic}
     bool UseLargePagesIndividualAllocation        = false                                  {pd product} {ergonomic}

Logging:
Log output configuration:
 #0: stdout all=warning uptime,level,tags
 #1: stderr all=off uptime,level,tags

Environment Variables:
PATH=C:\WINDOWS\system32;C:\WINDOWS;C:\WINDOWS\System32\Wbem;C:\WINDOWS\System32\WindowsPowerShell\v1.0\;C:\WINDOWS\System32\OpenSSH\;C:\Program Files\Bandizip\;C:\Program Files\Git\cmd;C:\Users\bonghun\AppData\Local\Microsoft\WindowsApps;;C:\Program Files\JetBrains\IntelliJ IDEA 2022.3.2\bin;;C:\Users\bonghun\AppData\Local\Programs\Microsoft VS Code\bin
USERNAME=bonghun
OS=Windows_NT
PROCESSOR_IDENTIFIER=AMD64 Family 23 Model 96 Stepping 1, AuthenticAMD
TMP=C:\Users\bonghun\AppData\Local\Temp
TEMP=C:\Users\bonghun\AppData\Local\Temp



---------------  S Y S T E M  ---------------

OS:
 Windows 11 , 64 bit Build 22621 (10.0.22621.1344)
OS uptime: 0 days 12:56 hours

CPU: total 16 (initial active 16) (16 cores per cpu, 2 threads per core) family 23 model 96 stepping 1 microcode 0x0, cx8, cmov, fxsr, ht, mmx, 3dnowpref, sse, sse2, sse3, ssse3, sse4a, sse4.1, sse4.2, popcnt, lzcnt, tsc, tscinvbit, avx, avx2, aes, clmul, bmi1, bmi2, adx, sha, fma, vzeroupper, clflush, clflushopt

Memory: 4k page, system-wide physical 15790M (6423M free)
TotalPageFile size 20654M (AvailPageFile size 6945M)
current process WorkingSet (physical memory assigned to process): 69M, peak: 183M
current process commit charge ("private bytes"): 201M, peak: 383M

vm_info: OpenJDK 64-Bit Server VM (17.0.6+10-LTS) for windows-amd64 JRE (17.0.6+10-LTS), built on Jan 13 2023 22:57:04 by "Administrator" with MS VC++ 15.9 (VS2017)

END.
